PCAD Importer Log
Project : ARDUINO_NANO.LibPkg

Section : E:\CURT'20\PCB\LV PCB\Footprints\ARDUINO_NANO (1)\ARDUINO_NANO.lia
    Section : PCB Library - ARDUINO_NANO.PcbLib
        Section : Load Messages
            Warning - 1 : Skipping Token ARDUINO_NANO On Line 175
            Warning - 1 : Skipping Token attachedSymbol On Line 502
        EndSection

        Section : Import Messages
        EndSection
    EndSection

    Section : SCH Library - ARDUINO_NANO.SchLib
        Section : Parsing Messages
            Warning - 1 : Skipping Token padStyleDef On Line 9
            Warning - 1 : Skipping Token padStyleDef On Line 21
            Warning - 1 : Skipping Token multiLayer On Line 96
            Warning - 1 : Skipping Token layerContents On Line 128
            Warning - 1 : Skipping Token layerContents On Line 135
            Warning - 1 : Skipping Token layerContents On Line 145
            Warning - 1 : Skipping Token layerContents On Line 159
        EndSection

        Section : Generating SCH Library - ARDUINO_NANO.SchLib
        EndSection
    EndSection
EndSection
