Replace Part DD1 DCDCBoost in E:\CURT'20\PCB\LV PCB\Main.SchDoc with DCDCBoost from MainSchLib.SchLib
Replace Part DD2 DCDCBoost in E:\CURT'20\PCB\LV PCB\Main.SchDoc with DCDCBoost from MainSchLib.SchLib
Replace Part H1 Hercules in E:\CURT'20\PCB\LV PCB\Main.SchDoc with Hercules from MainSchLib.SchLib
Replace Part H2 Hercules in E:\CURT'20\PCB\LV PCB\Main.SchDoc with Hercules from MainSchLib.SchLib
Replace Part IDC34 IDC34 in E:\CURT'20\PCB\LV PCB\Main.SchDoc with IDC34 from MainSchLib.SchLib
Replace Part L1 L7805C-V in E:\CURT'20\PCB\LV PCB\Main.SchDoc with L7805C-V from MainSchLib.SchLib
Replace Part L2 L7805C-V in E:\CURT'20\PCB\LV PCB\Main.SchDoc with L7805C-V from MainSchLib.SchLib
Replace Part L3 L7805C-V in E:\CURT'20\PCB\LV PCB\Main.SchDoc with L7805C-V from MainSchLib.SchLib
Replace Part L4 L7805C-V in E:\CURT'20\PCB\LV PCB\Main.SchDoc with L7805C-V from MainSchLib.SchLib
Replace Part L5 L7805C-V in E:\CURT'20\PCB\LV PCB\Main.SchDoc with L7805C-V from MainSchLib.SchLib
Replace Part R1 RelayARP03F in E:\CURT'20\PCB\LV PCB\Main.SchDoc with RelayARP03F from MainSchLib.SchLib
Replace Part R2 RelayARP03F in E:\CURT'20\PCB\LV PCB\Main.SchDoc with RelayARP03F from MainSchLib.SchLib
Replace Part R3 RelayARP03F in E:\CURT'20\PCB\LV PCB\Main.SchDoc with RelayARP03F from MainSchLib.SchLib
Replace Part R4 RelayARP03F in E:\CURT'20\PCB\LV PCB\Main.SchDoc with RelayARP03F from MainSchLib.SchLib
Replace Part R5 RelayARP03F in E:\CURT'20\PCB\LV PCB\Main.SchDoc with RelayARP03F from MainSchLib.SchLib
Replace Part R6 RelayARP03F in E:\CURT'20\PCB\LV PCB\Main.SchDoc with RelayARP03F from MainSchLib.SchLib
Replace Part R7 RelayARP03F in E:\CURT'20\PCB\LV PCB\Main.SchDoc with RelayARP03F from MainSchLib.SchLib
Replace Part R8 RelayARP03F in E:\CURT'20\PCB\LV PCB\Main.SchDoc with RelayARP03F from MainSchLib.SchLib
Replace Part R9 RelayARP03F in E:\CURT'20\PCB\LV PCB\Main.SchDoc with RelayARP03F from MainSchLib.SchLib
Replace Part R10 RelayARP03F in E:\CURT'20\PCB\LV PCB\Main.SchDoc with RelayARP03F from MainSchLib.SchLib
Replace Part R11 RelayARP03F in E:\CURT'20\PCB\LV PCB\Main.SchDoc with RelayARP03F from MainSchLib.SchLib
Replace Part R12 RelayARP03F in E:\CURT'20\PCB\LV PCB\Main.SchDoc with RelayARP03F from MainSchLib.SchLib
Replace Part R13 RelayARP03F in E:\CURT'20\PCB\LV PCB\Main.SchDoc with RelayARP03F from MainSchLib.SchLib
Replace Part R14 RelayARP03F in E:\CURT'20\PCB\LV PCB\Main.SchDoc with RelayARP03F from MainSchLib.SchLib
Replace Part R15 RelayARP03F in E:\CURT'20\PCB\LV PCB\Main.SchDoc with RelayARP03F from MainSchLib.SchLib
Replace Part R16 RelayARP03F in E:\CURT'20\PCB\LV PCB\Main.SchDoc with RelayARP03F from MainSchLib.SchLib
Replace Part R17 RelayARP03F in E:\CURT'20\PCB\LV PCB\Main.SchDoc with RelayARP03F from MainSchLib.SchLib
Replace Part R18 RelayARP03F in E:\CURT'20\PCB\LV PCB\Main.SchDoc with RelayARP03F from MainSchLib.SchLib
Replace Part R19 RelayARP03F in E:\CURT'20\PCB\LV PCB\Main.SchDoc with RelayARP03F from MainSchLib.SchLib
Replace Part RES1 RES120 in E:\CURT'20\PCB\LV PCB\Main.SchDoc with RES120 from MainSchLib.SchLib
Replace Part RES2 RES120 in E:\CURT'20\PCB\LV PCB\Main.SchDoc with RES120 from MainSchLib.SchLib
Replace Part ROS1 SDCROSSETA in E:\CURT'20\PCB\LV PCB\Main.SchDoc with SDCROSSETA from MainSchLib.SchLib
Replace Part ROS2 SDCROSSETA in E:\CURT'20\PCB\LV PCB\Main.SchDoc with SDCROSSETA from MainSchLib.SchLib
Replace Part TB1 ARDUINO_NANO in E:\CURT'20\PCB\LV PCB\Main.SchDoc with ARDUINO_NANO from MainSchLib.SchLib
Replace Part ULN1 ULN2803APG in E:\CURT'20\PCB\LV PCB\Main.SchDoc with ULN2803APG from MainSchLib.SchLib
Replace Part ULN2 ULN2803APG in E:\CURT'20\PCB\LV PCB\Main.SchDoc with ULN2803APG from MainSchLib.SchLib
Replace Part ULN3 ULN2803APG in E:\CURT'20\PCB\LV PCB\Main.SchDoc with ULN2803APG from MainSchLib.SchLib
